s:\uni 2nd year\architectures\architectures_coursework_app\gp\debug\vc140.pdb
s:\uni 2nd year\architectures\architectures_coursework_app\gp\debug\vc140.idb
s:\uni 2nd year\architectures\architectures_coursework_app\gp\debug\farm.obj
s:\uni 2nd year\architectures\architectures_coursework_app\gp\debug\input.obj
s:\uni 2nd year\architectures\architectures_coursework_app\gp\debug\main.obj
s:\uni 2nd year\architectures\architectures_coursework_app\gp\debug\mandelbrottask.obj
s:\uni 2nd year\architectures\architectures_coursework_app\gp\debug\scene3d.obj
s:\uni 2nd year\architectures\architectures_coursework_app\gp\debug\timer.obj
s:\uni 2nd year\architectures\architectures_coursework_app\gp\debug\vector3.obj
s:\uni 2nd year\architectures\architectures_coursework_app\gp\debug\zoomdata.obj
s:\uni 2nd year\architectures\architectures_coursework_app\debug\gp.ilk
s:\uni 2nd year\architectures\architectures_coursework_app\debug\gp.exe
s:\uni 2nd year\architectures\architectures_coursework_app\debug\gp.pdb
s:\uni 2nd year\architectures\architectures_coursework_app\gp\debug\vc120.idb
s:\uni 2nd year\architectures\architectures_coursework_app\gp\debug\vc120.pdb
s:\uni 2nd year\architectures\architectures_coursework_app\gp\debug\gp.tlog\cl.command.1.tlog
s:\uni 2nd year\architectures\architectures_coursework_app\gp\debug\gp.tlog\cl.read.1.tlog
s:\uni 2nd year\architectures\architectures_coursework_app\gp\debug\gp.tlog\cl.write.1.tlog
s:\uni 2nd year\architectures\architectures_coursework_app\gp\debug\gp.tlog\link.command.1.tlog
s:\uni 2nd year\architectures\architectures_coursework_app\gp\debug\gp.tlog\link.read.1.tlog
s:\uni 2nd year\architectures\architectures_coursework_app\gp\debug\gp.tlog\link.write.1.tlog
